2023-10-07 22:32:39 [INFO   ] jtabbedpane.MyFrame - Start 
2023-10-07 22:38:37 [INFO   ] jtabbedpane.MyFrame - Start 
2023-10-07 22:40:33 [INFO   ] jtabbedpane.MyFrame - Start 
2023-10-07 22:41:00 [INFO   ] jtabbedpane.MyFrame - Start 
2023-10-07 22:41:27 [INFO   ] jtabbedpane.MyFrame - Start 
2023-10-07 23:24:33 [INFO   ] jtabbedpane.MyFrame - Start 
2023-10-07 23:27:08 [INFO   ] jtabbedpane.MyFrame - Start 
2023-10-07 23:34:06 [INFO   ] jtabbedpane.MyFrame - Start 
2023-10-07 23:40:55 [INFO   ] jtabbedpane.MyFrame - Start 
2023-10-07 23:50:36 [INFO   ] jtabbedpane.MyFrame - Start 
2023-10-07 23:53:31 [INFO   ] jtabbedpane.MyFrame - Start 
2023-10-07 23:55:25 [INFO   ] jtabbedpane.MyFrame - Start 
2023-10-07 23:56:28 [INFO   ] jtabbedpane.MyFrame - Start 
2023-10-07 23:58:46 [INFO   ] jtabbedpane.MyFrame - Start 
2023-10-07 23:59:23 [INFO   ] jtabbedpane.MyFrame - Start 
2023-10-08 00:18:55 [INFO   ] jtabbedpane.MyFrame - Start 
2023-10-08 00:24:36 [INFO   ] jtabbedpane.MyFrame - Start 
2023-10-08 00:24:44 [INFO   ] jtabbedpane.MyFrame - В подсистеме фиктивная система нет устройств с поднятым флагом "Крит", имеющих проблем 
2023-10-08 00:24:44 [INFO   ] jtabbedpane.MyFrame - В подсистеме ТСистем 2 нет устройств с поднятым флагом "Крит", имеющих проблем 
2023-10-08 00:25:14 [INFO   ] jtabbedpane.MyFrame - Start 
2023-10-08 00:25:21 [INFO   ] jtabbedpane.MyFrame - В подсистеме фиктивная система нет устройств с поднятым флагом "Крит", имеющих проблем 
2023-10-08 00:25:21 [INFO   ] jtabbedpane.MyFrame - В подсистеме ТСистем 2 нет устройств с поднятым флагом "Крит", имеющих проблем 
2023-10-08 00:25:33 [INFO   ] jtabbedpane.MyFrame - Start 
2023-10-08 00:26:01 [INFO   ] jtabbedpane.MyFrame - Start 
2023-10-08 00:31:23 [INFO   ] jtabbedpane.MyFrame - Start 
2023-10-08 00:31:27 [INFO   ] jtabbedpane.MyFrame - Была создана новая подсистема hk 
2023-10-08 00:31:27 [INFO   ] jtabbedpane.MyFrame - В подсистеме hk все устройства с поднятым флагом "Крит" отвечают 
2023-10-08 00:31:40 [INFO   ] jtabbedpane.MyFrame - Добавлено новое устройство 'nk' в подсистему 'hk' 
2023-10-08 00:31:43 [INFO   ] jtabbedpane.MyFrame - В подсистеме hk устройства с поднятым флагом "Крит" перестали отвечать 
2023-10-08 00:31:47 [INFO   ] jtabbedpane.MyFrame - В подсистеме hk нет устройств с поднятым флагом "Крит", имеющих проблем 
2023-10-08 00:31:51 [INFO   ] jtabbedpane.MyFrame - В подсистеме hk устройства с поднятым флагом "Крит" перестали отвечать 
2023-10-08 00:32:14 [INFO   ] jtabbedpane.MyFrame - Добавлено новое устройство 'b' в подсистему 'hk' 
2023-10-08 00:32:53 [INFO   ] jtabbedpane.MyFrame - Start 
2023-10-08 00:41:26 [INFO   ] jtabbedpane.MyFrame - Start 
2023-10-08 00:41:32 [INFO   ] jtabbedpane.MyFrame - В подсистеме фиктивная система нет устройств с поднятым флагом "Крит", имеющих проблем 
2023-10-08 00:41:32 [INFO   ] jtabbedpane.MyFrame - В подсистеме ТСистем 2 все устройства с поднятым флагом "Крит" отвечают 
2023-10-08 00:42:53 [INFO   ] jtabbedpane.MyFrame - Start 
2023-10-08 00:43:01 [INFO   ] jtabbedpane.MyFrame - В подсистеме фиктивная система нет устройств с поднятым флагом "Крит", имеющих проблем 
2023-10-08 00:43:01 [INFO   ] jtabbedpane.MyFrame - В подсистеме ТСистем 2 все устройства с поднятым флагом "Крит" отвечают 
2023-10-08 00:44:10 [INFO   ] jtabbedpane.MyFrame - Start 
2023-10-08 00:44:17 [INFO   ] jtabbedpane.MyFrame - В подсистеме фиктивная система нет устройств с поднятым флагом "Крит", имеющих проблем 
2023-10-08 00:44:18 [INFO   ] jtabbedpane.MyFrame - В подсистеме ТСистем 2 все устройства с поднятым флагом "Крит" отвечают 
2023-10-08 00:52:27 [INFO   ] jtabbedpane.MyFrame - Start 
2023-10-08 00:52:35 [INFO   ] jtabbedpane.MyFrame - В подсистеме фиктивная система нет устройств с поднятым флагом "Крит", имеющих проблем 
2023-10-08 00:52:35 [INFO   ] jtabbedpane.MyFrame - В подсистеме ТСистем 2 все устройства с поднятым флагом "Крит" отвечают 
2023-10-08 00:53:31 [INFO   ] jtabbedpane.MyFrame - Start 
2023-10-08 00:53:38 [INFO   ] jtabbedpane.MyFrame - В подсистеме фиктивная система нет устройств с поднятым флагом "Крит", имеющих проблем 
2023-10-08 00:53:38 [INFO   ] jtabbedpane.MyFrame - В подсистеме ТСистем 2 все устройства с поднятым флагом "Крит" отвечают 
2023-10-08 00:54:23 [INFO   ] jtabbedpane.MyFrame - Start 
2023-10-08 00:54:31 [INFO   ] jtabbedpane.MyFrame - В подсистеме фиктивная система нет устройств с поднятым флагом "Крит", имеющих проблем 
2023-10-08 00:54:31 [INFO   ] jtabbedpane.MyFrame - В подсистеме ТСистем 2 все устройства с поднятым флагом "Крит" отвечают 
2023-10-08 00:57:21 [INFO   ] jtabbedpane.MyFrame - Start 
2023-10-08 00:57:28 [INFO   ] jtabbedpane.MyFrame - В подсистеме фиктивная система нет устройств с поднятым флагом "Крит", имеющих проблем 
2023-10-08 00:57:28 [INFO   ] jtabbedpane.MyFrame - В подсистеме ТСистем 2 все устройства с поднятым флагом "Крит" отвечают 
2023-10-08 00:57:57 [INFO   ] jtabbedpane.MyFrame - Start 
2023-10-08 00:58:44 [INFO   ] jtabbedpane.MyFrame - Start 
2023-10-08 00:58:51 [INFO   ] jtabbedpane.MyFrame - В подсистеме фиктивная система нет устройств с поднятым флагом "Крит", имеющих проблем 
2023-10-08 00:58:51 [INFO   ] jtabbedpane.MyFrame - В подсистеме ТСистем 2 все устройства с поднятым флагом "Крит" отвечают 
2023-10-09 12:40:29 [INFO   ] jtabbedpane.MyFrame - Start 
2023-10-09 12:45:29 [INFO   ] jtabbedpane.MyFrame - Start 
2023-10-09 12:45:47 [INFO   ] jtabbedpane.MyFrame - В подсистеме фиктивная система нет устройств с поднятым флагом "Крит", имеющих проблем 
2023-10-09 12:45:48 [INFO   ] jtabbedpane.MyFrame - В подсистеме ТСистем 2 все устройства с поднятым флагом "Крит" отвечают 
2023-10-09 12:51:49 [INFO   ] jtabbedpane.MyFrame - Start 
2023-10-09 12:51:57 [INFO   ] jtabbedpane.MyFrame - В подсистеме фиктивная система нет устройств с поднятым флагом "Крит", имеющих проблем 
2023-10-09 12:51:58 [INFO   ] jtabbedpane.MyFrame - В подсистеме ТСистем 2 все устройства с поднятым флагом "Крит" отвечают 
2023-10-09 12:52:05 [INFO   ] jtabbedpane.MyFrame - В подсистеме фиктивная система устройства с поднятым флагом "Крит" перестали отвечать 
2023-10-09 12:52:25 [INFO   ] jtabbedpane.MyFrame - Start 
2023-10-09 12:52:34 [INFO   ] jtabbedpane.MyFrame - В подсистеме фиктивная система нет устройств с поднятым флагом "Крит", имеющих проблем 
2023-10-09 12:52:34 [INFO   ] jtabbedpane.MyFrame - В подсистеме ТСистем 2 все устройства с поднятым флагом "Крит" отвечают 
2023-10-09 12:52:42 [INFO   ] jtabbedpane.MyFrame - В подсистеме фиктивная система устройства с поднятым флагом "Крит" перестали отвечать 
2023-10-09 12:54:25 [INFO   ] jtabbedpane.MyFrame - Start 
2023-10-09 12:54:35 [INFO   ] jtabbedpane.MyFrame - В подсистеме фиктивная система нет устройств с поднятым флагом "Крит", имеющих проблем 
2023-10-09 12:54:36 [INFO   ] jtabbedpane.MyFrame - В подсистеме ТСистем 2 все устройства с поднятым флагом "Крит" отвечают 
2023-10-09 12:54:39 [INFO   ] jtabbedpane.MyFrame - В подсистеме фиктивная система устройства с поднятым флагом "Крит" перестали отвечать 
2023-10-11 17:45:30 [INFO   ] jtabbedpane.MyFrame - Start 
2023-10-11 17:52:52 [INFO   ] jtabbedpane.MyFrame - Start 
2023-10-11 19:21:51 [INFO   ] jtabbedpane.MyFrame - Start 
2023-10-11 19:23:26 [INFO   ] jtabbedpane.MyFrame - Start 
2023-10-11 19:23:35 [INFO   ] jtabbedpane.MyFrame - В подсистеме фиктивная система нет устройств с поднятым флагом "Крит", имеющих проблем 
2023-10-11 19:23:35 [INFO   ] jtabbedpane.MyFrame - В подсистеме ТСистем 2 устройства с поднятым флагом "Крит" перестали отвечать 
2023-10-11 19:38:04 [INFO   ] jtabbedpane.MyFrame - Start 
2023-10-11 20:53:09 [INFO   ] jtabbedpane.MyFrame - Start 
2023-10-11 21:15:45 [INFO   ] jtabbedpane.MyFrame - Start 
2023-10-11 21:51:37 [INFO   ] jtabbedpane.MyFrame - Start 
2023-10-11 21:52:46 [INFO   ] jtabbedpane.MyFrame - Start 
2023-10-11 22:02:12 [INFO   ] jtabbedpane.MyFrame - Start 
2023-10-11 22:03:00 [INFO   ] jtabbedpane.MyFrame - Start 
2023-10-11 22:03:57 [INFO   ] jtabbedpane.MyFrame - Start 
2023-10-11 22:04:32 [INFO   ] jtabbedpane.MyFrame - Start 
2023-10-11 22:06:05 [INFO   ] jtabbedpane.MyFrame - Start 
2023-10-11 22:06:11 [INFO   ] jtabbedpane.MyFrame - В подсистеме ТСистем 2 устройства с поднятым флагом "Крит" перестали отвечать 
2023-10-11 22:07:13 [INFO   ] jtabbedpane.MyFrame - Start 
2023-10-11 22:07:27 [INFO   ] jtabbedpane.MyFrame - В подсистеме cj все устройства с поднятым флагом "Крит" отвечают 
2023-10-11 22:07:27 [INFO   ] jtabbedpane.MyFrame - Была создана новая подсистема cj 
2023-10-11 22:07:32 [INFO   ] jtabbedpane.MyFrame - Добавлено новое устройство 'frq' в подсистему 'cj' 
2023-10-11 22:07:35 [INFO   ] jtabbedpane.MyFrame - В подсистеме cj устройства с поднятым флагом "Крит" перестали отвечать 
2023-10-11 22:08:13 [INFO   ] jtabbedpane.MyFrame - Start 
2023-10-11 22:10:23 [INFO   ] jtabbedpane.MyFrame - Start 
2023-10-11 22:10:29 [INFO   ] jtabbedpane.MyFrame - Была создана новая подсистема woow 
2023-10-11 22:10:29 [INFO   ] jtabbedpane.MyFrame - В подсистеме woow все устройства с поднятым флагом "Крит" отвечают 
2023-10-11 22:10:34 [INFO   ] jtabbedpane.MyFrame - Добавлено новое устройство 'ewfwd' в подсистему 'woow' 
2023-10-11 22:10:37 [INFO   ] jtabbedpane.MyFrame - В подсистеме woow устройства с поднятым флагом "Крит" перестали отвечать 
2023-10-11 22:10:40 [INFO   ] jtabbedpane.MyFrame - Start 
2023-10-11 22:10:47 [INFO   ] jtabbedpane.MyFrame - В подсистеме 23 все устройства с поднятым флагом "Крит" отвечают 
2023-10-11 22:10:47 [INFO   ] jtabbedpane.MyFrame - Была создана новая подсистема 23 
2023-10-11 22:10:51 [INFO   ] jtabbedpane.MyFrame - Добавлено новое устройство 'egw' в подсистему '23' 
2023-10-11 22:10:51 [INFO   ] jtabbedpane.MyFrame - В подсистеме 23 устройства с поднятым флагом "Крит" перестали отвечать 
2023-10-11 22:11:07 [INFO   ] jtabbedpane.MyFrame - Start 
2023-10-11 22:11:18 [INFO   ] jtabbedpane.MyFrame - Start 
2023-10-11 22:11:22 [INFO   ] jtabbedpane.MyFrame - В подсистеме gfsd все устройства с поднятым флагом "Крит" отвечают 
2023-10-11 22:11:22 [INFO   ] jtabbedpane.MyFrame - Была создана новая подсистема gfsd 
2023-10-11 22:11:26 [INFO   ] jtabbedpane.MyFrame - Добавлено новое устройство 'gdsgsd' в подсистему 'gfsd' 
2023-10-11 22:11:26 [INFO   ] jtabbedpane.MyFrame - В подсистеме gfsd устройства с поднятым флагом "Крит" перестали отвечать 
2023-10-11 22:12:06 [INFO   ] jtabbedpane.MyFrame - Start 
2023-10-11 22:15:30 [INFO   ] jtabbedpane.MyFrame - Start 
2023-10-11 22:15:37 [INFO   ] jtabbedpane.MyFrame - В подсистеме cj устройства с поднятым флагом "Крит" перестали отвечать 
2023-10-11 22:26:22 [INFO   ] jtabbedpane.MyFrame - Start 
2023-10-11 22:26:53 [INFO   ] jtabbedpane.MyFrame - Start 
2023-10-11 22:27:11 [INFO   ] jtabbedpane.MyFrame - В подсистеме фиктивная система все устройства с поднятым флагом "Крит" отвечают 
2023-10-11 22:27:11 [INFO   ] jtabbedpane.MyFrame - Была создана новая подсистема фиктивная система 
2023-10-11 22:27:22 [INFO   ] jtabbedpane.MyFrame - Добавлено новое устройство 'noaddress' в подсистему 'фиктивная система' 
2023-10-11 22:27:23 [INFO   ] jtabbedpane.MyFrame - В подсистеме фиктивная система устройства с поднятым флагом "Крит" перестали отвечать 
2023-10-11 22:27:35 [INFO   ] jtabbedpane.MyFrame - Добавлено новое устройство 'wrongaddress' в подсистему 'фиктивная система' 
2023-10-11 22:27:47 [INFO   ] jtabbedpane.MyFrame - В подсистеме фиктивная система нет устройств с поднятым флагом "Крит", имеющих проблем 
2023-10-11 22:27:53 [INFO   ] jtabbedpane.MyFrame - Была создана новая подсистема ТСистем 2 
2023-10-11 22:27:53 [INFO   ] jtabbedpane.MyFrame - В подсистеме ТСистем 2 все устройства с поднятым флагом "Крит" отвечают 
2023-10-11 22:28:05 [INFO   ] jtabbedpane.MyFrame - Добавлено новое устройство 'diagnostics/websocket/bergoz1' в подсистему 'ТСистем 2' 
2023-10-11 22:28:05 [INFO   ] jtabbedpane.MyFrame - В подсистеме ТСистем 2 устройства с поднятым флагом "Крит" перестали отвечать 
2023-10-11 22:28:16 [INFO   ] jtabbedpane.MyFrame - Добавлено новое устройство 'diagnostics/websocket/bergoz2' в подсистему 'ТСистем 2' 
2023-10-11 22:28:26 [INFO   ] jtabbedpane.MyFrame - Добавлено новое устройство 'diagnostics/websocket/bergozframe1' в подсистему 'ТСистем 2' 
2023-10-11 22:28:44 [INFO   ] jtabbedpane.MyFrame - Start 
2023-10-11 22:28:50 [INFO   ] jtabbedpane.MyFrame - В подсистеме ТСистем 2 устройства с поднятым флагом "Крит" перестали отвечать 
2023-10-11 22:29:57 [INFO   ] jtabbedpane.MyFrame - Start 
2023-10-11 22:30:05 [INFO   ] jtabbedpane.MyFrame - В подсистеме ТСистем 2 устройства с поднятым флагом "Крит" перестали отвечать 
2023-10-11 22:35:04 [INFO   ] jtabbedpane.MyFrame - Start 
2023-10-11 22:38:20 [INFO   ] jtabbedpane.MyFrame - Start 
2023-10-11 22:38:30 [INFO   ] jtabbedpane.MyFrame - Была создана новая подсистема gf 
2023-10-11 22:38:30 [INFO   ] jtabbedpane.MyFrame - В подсистеме gf все устройства с поднятым флагом "Крит" отвечают 
2023-10-11 22:39:02 [INFO   ] jtabbedpane.MyFrame - Start 
2023-10-11 22:39:09 [INFO   ] jtabbedpane.MyFrame - Была создана новая подсистема re 
2023-10-11 22:39:09 [INFO   ] jtabbedpane.MyFrame - В подсистеме re все устройства с поднятым флагом "Крит" отвечают 
2023-10-11 22:39:29 [INFO   ] jtabbedpane.MyFrame - Start 
2023-10-11 22:39:34 [INFO   ] jtabbedpane.MyFrame - В подсистеме qeqwewq все устройства с поднятым флагом "Крит" отвечают 
2023-10-11 22:39:34 [INFO   ] jtabbedpane.MyFrame - Была создана новая подсистема qeqwewq 
2023-10-11 22:43:08 [INFO   ] jtabbedpane.MyFrame - Start 
2023-10-11 22:43:11 [INFO   ] jtabbedpane.MyFrame - Была создана новая подсистема fd 
2023-10-11 22:43:11 [INFO   ] jtabbedpane.MyFrame - В подсистеме fd все устройства с поднятым флагом "Крит" отвечают 
